Determining if the pthread_create exist failed with the following output:
Change Dir: /home/keerthikan/ca/build/CMakeFiles/CMakeTmp

Run Build Command:"/usr/bin/make" "cmTryCompileExec3618177544/fast"
/usr/bin/make -f CMakeFiles/cmTryCompileExec3618177544.dir/build.make CMakeFiles/cmTryCompileExec3618177544.dir/build
make[1]: Entering directory `/home/keerthikan/ca/build/CMakeFiles/CMakeTmp'
/usr/local/bin/cmake -E cmake_progress_report /home/keerthikan/ca/build/CMakeFiles/CMakeTmp/CMakeFiles 1
Building C object CMakeFiles/cmTryCompileExec3618177544.dir/CheckSymbolExists.c.o
/usr/bin/cc    -o CMakeFiles/cmTryCompileExec3618177544.dir/CheckSymbolExists.c.o   -c /home/keerthikan/ca/build/CMakeFiles/CMakeTmp/CheckSymbolExists.c
Linking C executable cmTryCompileExec3618177544
/usr/local/bin/cmake -E cmake_link_script CMakeFiles/cmTryCompileExec3618177544.dir/link.txt --verbose=1
/usr/bin/cc       CMakeFiles/cmTryCompileExec3618177544.dir/CheckSymbolExists.c.o  -o cmTryCompileExec3618177544 -rdynamic 
CMakeFiles/cmTryCompileExec3618177544.dir/CheckSymbolExists.c.o: In function `main':
CheckSymbolExists.c:(.text+0x16): undefined reference to `pthread_create'
collect2: error: ld returned 1 exit status
make[1]: Leaving directory `/home/keerthikan/ca/build/CMakeFiles/CMakeTmp'
make[1]: *** [cmTryCompileExec3618177544] Error 1
make: *** [cmTryCompileExec3618177544/fast] Error 2

File /home/keerthikan/ca/build/CMakeFiles/CMakeTmp/CheckSymbolExists.c:
/* */
#include <pthread.h>

int main(int argc, char** argv)
{
  (void)argv;
#ifndef pthread_create
  return ((int*)(&pthread_create))[argc];
#else
  (void)argc;
  return 0;
#endif
}

Determining if the function pthread_create exists in the pthreads failed with the following output:
Change Dir: /home/keerthikan/ca/build/CMakeFiles/CMakeTmp

Run Build Command:"/usr/bin/make" "cmTryCompileExec1034221696/fast"
/usr/bin/make -f CMakeFiles/cmTryCompileExec1034221696.dir/build.make CMakeFiles/cmTryCompileExec1034221696.dir/build
make[1]: Entering directory `/home/keerthikan/ca/build/CMakeFiles/CMakeTmp'
/usr/local/bin/cmake -E cmake_progress_report /home/keerthikan/ca/build/CMakeFiles/CMakeTmp/CMakeFiles 1
Building C object CMakeFiles/cmTryCompileExec1034221696.dir/CheckFunctionExists.c.o
/usr/bin/cc   -DCHECK_FUNCTION_EXISTS=pthread_create   -o CMakeFiles/cmTryCompileExec1034221696.dir/CheckFunctionExists.c.o   -c /usr/local/share/cmake-3.2/Modules/CheckFunctionExists.c
Linking C executable cmTryCompileExec1034221696
/usr/local/bin/cmake -E cmake_link_script CMakeFiles/cmTryCompileExec1034221696.dir/link.txt --verbose=1
/usr/bin/cc   -DCHECK_FUNCTION_EXISTS=pthread_create    CMakeFiles/cmTryCompileExec1034221696.dir/CheckFunctionExists.c.o  -o cmTryCompileExec1034221696 -rdynamic -lpthreads 
/usr/bin/ld: cannot find -lpthreads
collect2: error: ld returned 1 exit status
make[1]: Leaving directory `/home/keerthikan/ca/build/CMakeFiles/CMakeTmp'
make[1]: *** [cmTryCompileExec1034221696] Error 1
make: *** [cmTryCompileExec1034221696/fast] Error 2


